Processing esp32-c3-devkitm-1 (platform: espressif32; board: esp32-c3-devkitm-1; framework: arduino)
--------------------------------------------------------------------------------
Verbose mode can be enabled via `-v, --verbose` option
CONFIGURATION: https://docs.platformio.org/page/boards/espressif32/esp32-c3-devkitm-1.html
PLATFORM: Espressif 32 (7.0.1) > Espressif ESP32-C3-DevKitM-1
HARDWARE: ESP32C3 160MHz, 320KB RAM, 4MB Flash
DEBUG: Current (cmsis-dap) External (cmsis-dap, esp-bridge, esp-builtin, esp-prog, iot-bus-jtag, jlink, minimodule, olimex-arm-usb-ocd, olimex-arm-usb-ocd-h, olimex-arm-usb-tiny-h, olimex-jtag-tiny, tumpa)
PACKAGES: 
 - framework-arduinoespressif32 @ 3.20017.241212+sha.dcc1105b 
 - tool-esptoolpy @ 2.41100.0 (4.11.0) 
 - toolchain-riscv32-esp @ 8.4.0+2021r2-patch5
LDF: Library Dependency Finder -> https://bit.ly/configure-pio-ldf
LDF Modes: Finder ~ chain, Compatibility ~ soft
Found 39 compatible libraries
Scanning dependencies...
Dependency Graph
|-- Adafruit ADS1X15 @ 2.6.2
|-- PubSubClient @ 2.8.0
|-- ESPAsyncWebServer-esphome @ 3.4.1
|-- ArduinoJson @ 7.4.3
|-- EEPROM @ 2.0.0
|-- Update @ 2.0.0
|-- WiFi @ 2.0.0
|-- ArduinoOTA @ 2.0.0
|-- ESPmDNS @ 2.0.0
Building in release mode
Compiling .pio/build/esp32-c3-devkitm-1/src/alarm.cpp.o
Compiling .pio/build/esp32-c3-devkitm-1/src/config.cpp.o
Compiling .pio/build/esp32-c3-devkitm-1/src/ha_discovery.cpp.o
Compiling .pio/build/esp32-c3-devkitm-1/src/hardware.cpp.o
Compiling .pio/build/esp32-c3-devkitm-1/src/main.cpp.o
Compiling .pio/build/esp32-c3-devkitm-1/src/mqtt.cpp.o
Compiling .pio/build/esp32-c3-devkitm-1/src/network.cpp.o
Compiling .pio/build/esp32-c3-devkitm-1/src/sensors.cpp.o
Compiling .pio/build/esp32-c3-devkitm-1/src/web.cpp.o
Compiling .pio/build/esp32-c3-devkitm-1/src/web_modernized.cpp.o
Compiling .pio/build/esp32-c3-devkitm-1/src/zones.cpp.o
Building .pio/build/esp32-c3-devkitm-1/bootloader.bin
esptool.py v4.11.0
Creating esp32c3 image...
Merged 1 ELF section
Successfully created esp32c3 image.
Generating partitions .pio/build/esp32-c3-devkitm-1/partitions.bin
Compiling .pio/build/esp32-c3-devkitm-1/lib1a6/Wire/Wire.cpp.o
Compiling .pio/build/esp32-c3-devkitm-1/lib5ef/SPI/SPI.cpp.o
Compiling .pio/build/esp32-c3-devkitm-1/lib0eb/Adafruit BusIO/Adafruit_BusIO_Register.cpp.o
Compiling .pio/build/esp32-c3-devkitm-1/lib0eb/Adafruit BusIO/Adafruit_GenericDevice.cpp.o
Compiling .pio/build/esp32-c3-devkitm-1/lib0eb/Adafruit BusIO/Adafruit_I2CDevice.cpp.o
Compiling .pio/build/esp32-c3-devkitm-1/lib0eb/Adafruit BusIO/Adafruit_SPIDevice.cpp.o
Compiling .pio/build/esp32-c3-devkitm-1/lib849/Adafruit ADS1X15/Adafruit_ADS1X15.cpp.o
Compiling .pio/build/esp32-c3-devkitm-1/libb80/PubSubClient/PubSubClient.cpp.o
Archiving .pio/build/esp32-c3-devkitm-1/lib1a6/libWire.a
Archiving .pio/build/esp32-c3-devkitm-1/lib5ef/libSPI.a
Compiling .pio/build/esp32-c3-devkitm-1/libf3a/AsyncTCP-esphome/AsyncTCP.cpp.o
Compiling .pio/build/esp32-c3-devkitm-1/lib45c/FS/FS.cpp.o
Compiling .pio/build/esp32-c3-devkitm-1/lib45c/FS/vfs_api.cpp.o
Archiving .pio/build/esp32-c3-devkitm-1/lib0eb/libAdafruit BusIO.a
Archiving .pio/build/esp32-c3-devkitm-1/lib849/libAdafruit ADS1X15.a
Compiling .pio/build/esp32-c3-devkitm-1/libd03/WiFi/WiFi.cpp.o
Compiling .pio/build/esp32-c3-devkitm-1/libd03/WiFi/WiFiAP.cpp.o
Archiving .pio/build/esp32-c3-devkitm-1/libb80/libPubSubClient.a
Compiling .pio/build/esp32-c3-devkitm-1/libd03/WiFi/WiFiClient.cpp.o
Archiving .pio/build/esp32-c3-devkitm-1/lib45c/libFS.a
Archiving .pio/build/esp32-c3-devkitm-1/libf3a/libAsyncTCP-esphome.a
Compiling .pio/build/esp32-c3-devkitm-1/libd03/WiFi/WiFiGeneric.cpp.o
Compiling .pio/build/esp32-c3-devkitm-1/libd03/WiFi/WiFiMulti.cpp.o
Compiling .pio/build/esp32-c3-devkitm-1/libd03/WiFi/WiFiSTA.cpp.o
Indexing .pio/build/esp32-c3-devkitm-1/lib1a6/libWire.a
Indexing .pio/build/esp32-c3-devkitm-1/lib5ef/libSPI.a
Indexing .pio/build/esp32-c3-devkitm-1/lib849/libAdafruit ADS1X15.a
Indexing .pio/build/esp32-c3-devkitm-1/libb80/libPubSubClient.a
Indexing .pio/build/esp32-c3-devkitm-1/libf3a/libAsyncTCP-esphome.a
Indexing .pio/build/esp32-c3-devkitm-1/lib0eb/libAdafruit BusIO.a
Indexing .pio/build/esp32-c3-devkitm-1/lib45c/libFS.a
Compiling .pio/build/esp32-c3-devkitm-1/libd03/WiFi/WiFiScan.cpp.o
Compiling .pio/build/esp32-c3-devkitm-1/libd03/WiFi/WiFiServer.cpp.o
Compiling .pio/build/esp32-c3-devkitm-1/libd03/WiFi/WiFiUdp.cpp.o
Compiling .pio/build/esp32-c3-devkitm-1/lib346/ESPAsyncWebServer-esphome/AsyncEventSource.cpp.o
Compiling .pio/build/esp32-c3-devkitm-1/lib346/ESPAsyncWebServer-esphome/AsyncWebSocket.cpp.o
Archiving .pio/build/esp32-c3-devkitm-1/libd03/libWiFi.a
Indexing .pio/build/esp32-c3-devkitm-1/libd03/libWiFi.a
Compiling .pio/build/esp32-c3-devkitm-1/lib346/ESPAsyncWebServer-esphome/WebAuthentication.cpp.o
Compiling .pio/build/esp32-c3-devkitm-1/lib346/ESPAsyncWebServer-esphome/WebHandlers.cpp.o
Compiling .pio/build/esp32-c3-devkitm-1/lib346/ESPAsyncWebServer-esphome/WebRequest.cpp.o
Compiling .pio/build/esp32-c3-devkitm-1/lib346/ESPAsyncWebServer-esphome/WebResponses.cpp.o
Compiling .pio/build/esp32-c3-devkitm-1/lib346/ESPAsyncWebServer-esphome/WebServer.cpp.o
Compiling .pio/build/esp32-c3-devkitm-1/libe9a/EEPROM/EEPROM.cpp.o
Compiling .pio/build/esp32-c3-devkitm-1/lib390/Update/HttpsOTAUpdate.cpp.o
Compiling .pio/build/esp32-c3-devkitm-1/lib390/Update/Updater.cpp.o
Compiling .pio/build/esp32-c3-devkitm-1/libc99/ESPmDNS/ESPmDNS.cpp.o
Compiling .pio/build/esp32-c3-devkitm-1/liba91/ArduinoOTA/ArduinoOTA.cpp.o
Compiling .pio/build/esp32-c3-devkitm-1/FrameworkArduino/Esp.cpp.o
Compiling .pio/build/esp32-c3-devkitm-1/FrameworkArduino/FirmwareMSC.cpp.o
Compiling .pio/build/esp32-c3-devkitm-1/FrameworkArduino/FunctionalInterrupt.cpp.o
Compiling .pio/build/esp32-c3-devkitm-1/FrameworkArduino/HWCDC.cpp.o
Archiving .pio/build/esp32-c3-devkitm-1/libe9a/libEEPROM.a
Archiving .pio/build/esp32-c3-devkitm-1/libc99/libESPmDNS.a
Indexing .pio/build/esp32-c3-devkitm-1/libe9a/libEEPROM.a
Indexing .pio/build/esp32-c3-devkitm-1/libc99/libESPmDNS.a
Compiling .pio/build/esp32-c3-devkitm-1/FrameworkArduino/HardwareSerial.cpp.o
Compiling .pio/build/esp32-c3-devkitm-1/FrameworkArduino/IPAddress.cpp.o
Archiving .pio/build/esp32-c3-devkitm-1/lib390/libUpdate.a
Compiling .pio/build/esp32-c3-devkitm-1/FrameworkArduino/IPv6Address.cpp.o
Archiving .pio/build/esp32-c3-devkitm-1/liba91/libArduinoOTA.a
Compiling .pio/build/esp32-c3-devkitm-1/FrameworkArduino/MD5Builder.cpp.o
Compiling .pio/build/esp32-c3-devkitm-1/FrameworkArduino/Print.cpp.o
Compiling .pio/build/esp32-c3-devkitm-1/FrameworkArduino/Stream.cpp.o
Archiving .pio/build/esp32-c3-devkitm-1/lib346/libESPAsyncWebServer-esphome.a
Compiling .pio/build/esp32-c3-devkitm-1/FrameworkArduino/StreamString.cpp.o
Indexing .pio/build/esp32-c3-devkitm-1/lib390/libUpdate.a
Indexing .pio/build/esp32-c3-devkitm-1/liba91/libArduinoOTA.a
Compiling .pio/build/esp32-c3-devkitm-1/FrameworkArduino/Tone.cpp.o
Indexing .pio/build/esp32-c3-devkitm-1/lib346/libESPAsyncWebServer-esphome.a
Compiling .pio/build/esp32-c3-devkitm-1/FrameworkArduino/USB.cpp.o
Compiling .pio/build/esp32-c3-devkitm-1/FrameworkArduino/USBCDC.cpp.o
Compiling .pio/build/esp32-c3-devkitm-1/FrameworkArduino/USBMSC.cpp.o
Compiling .pio/build/esp32-c3-devkitm-1/FrameworkArduino/WMath.cpp.o
Compiling .pio/build/esp32-c3-devkitm-1/FrameworkArduino/WString.cpp.o
Compiling .pio/build/esp32-c3-devkitm-1/FrameworkArduino/base64.cpp.o
Compiling .pio/build/esp32-c3-devkitm-1/FrameworkArduino/cbuf.cpp.o
Compiling .pio/build/esp32-c3-devkitm-1/FrameworkArduino/esp32-hal-adc.c.o
Compiling .pio/build/esp32-c3-devkitm-1/FrameworkArduino/esp32-hal-bt.c.o
Compiling .pio/build/esp32-c3-devkitm-1/FrameworkArduino/esp32-hal-cpu.c.o
Compiling .pio/build/esp32-c3-devkitm-1/FrameworkArduino/esp32-hal-dac.c.o
Compiling .pio/build/esp32-c3-devkitm-1/FrameworkArduino/esp32-hal-gpio.c.o
Compiling .pio/build/esp32-c3-devkitm-1/FrameworkArduino/esp32-hal-i2c-slave.c.o
Compiling .pio/build/esp32-c3-devkitm-1/FrameworkArduino/esp32-hal-i2c.c.o
Compiling .pio/build/esp32-c3-devkitm-1/FrameworkArduino/esp32-hal-ledc.c.o
Compiling .pio/build/esp32-c3-devkitm-1/FrameworkArduino/esp32-hal-matrix.c.o
Compiling .pio/build/esp32-c3-devkitm-1/FrameworkArduino/esp32-hal-misc.c.o
Compiling .pio/build/esp32-c3-devkitm-1/FrameworkArduino/esp32-hal-psram.c.o
Compiling .pio/build/esp32-c3-devkitm-1/FrameworkArduino/esp32-hal-rgb-led.c.o
Compiling .pio/build/esp32-c3-devkitm-1/FrameworkArduino/esp32-hal-rmt.c.o
Compiling .pio/build/esp32-c3-devkitm-1/FrameworkArduino/esp32-hal-sigmadelta.c.o
Compiling .pio/build/esp32-c3-devkitm-1/FrameworkArduino/esp32-hal-spi.c.o
Compiling .pio/build/esp32-c3-devkitm-1/FrameworkArduino/esp32-hal-time.c.o
Compiling .pio/build/esp32-c3-devkitm-1/FrameworkArduino/esp32-hal-timer.c.o
Compiling .pio/build/esp32-c3-devkitm-1/FrameworkArduino/esp32-hal-tinyusb.c.o
Compiling .pio/build/esp32-c3-devkitm-1/FrameworkArduino/esp32-hal-touch.c.o
Compiling .pio/build/esp32-c3-devkitm-1/FrameworkArduino/esp32-hal-uart.c.o
Compiling .pio/build/esp32-c3-devkitm-1/FrameworkArduino/firmware_msc_fat.c.o
Compiling .pio/build/esp32-c3-devkitm-1/FrameworkArduino/libb64/cdecode.c.o
Compiling .pio/build/esp32-c3-devkitm-1/FrameworkArduino/libb64/cencode.c.o
Compiling .pio/build/esp32-c3-devkitm-1/FrameworkArduino/main.cpp.o
Compiling .pio/build/esp32-c3-devkitm-1/FrameworkArduino/stdlib_noniso.c.o
Compiling .pio/build/esp32-c3-devkitm-1/FrameworkArduino/wiring_pulse.c.o
Compiling .pio/build/esp32-c3-devkitm-1/FrameworkArduino/wiring_shift.c.o
Archiving .pio/build/esp32-c3-devkitm-1/libFrameworkArduino.a
Indexing .pio/build/esp32-c3-devkitm-1/libFrameworkArduino.a
Linking .pio/build/esp32-c3-devkitm-1/firmware.elf
/Users/pwyrzyk/.platformio/packages/toolchain-riscv32-esp/bin/../lib/gcc/riscv32-esp-elf/8.4.0/../../../../riscv32-esp-elf/bin/ld: .pio/build/esp32-c3-devkitm-1/src/web_modernized.cpp.o: in function `initWebServer()':
/Users/pwyrzyk/Documents/PlatformIO/Projects/Security Station/src/web_modernized.cpp:725: multiple definition of `initWebServer()'; .pio/build/esp32-c3-devkitm-1/src/web.cpp.o:/Users/pwyrzyk/Documents/PlatformIO/Projects/Security Station/src/web.cpp:963: first defined here
/Users/pwyrzyk/.platformio/packages/toolchain-riscv32-esp/bin/../lib/gcc/riscv32-esp-elf/8.4.0/../../../../riscv32-esp-elf/bin/ld: .pio/build/esp32-c3-devkitm-1/src/web_modernized.cpp.o: in function `.LANCHOR0':
/Users/pwyrzyk/Documents/PlatformIO/Projects/Security Station/src/web_modernized.cpp:11: multiple definition of `server'; .pio/build/esp32-c3-devkitm-1/src/web.cpp.o:/Users/pwyrzyk/Documents/PlatformIO/Projects/Security Station/src/web.cpp:11: first defined here
collect2: error: ld returned 1 exit status
*** [.pio/build/esp32-c3-devkitm-1/firmware.elf] Error 1
========================= [FAILED] Took 15.45 seconds =========================
